<?xml version="1.0" encoding="UTF-8"?>
<!-- Generated by org.testng.reporters.JUnitReportReporter -->
<testsuite hostname="LAPTOP-LK04PM99" failures="0" tests="1" name="testClassPackage.Post_tc_4" time="1.740" errors="0" timestamp="2023-05-27T13:15:42 IST" skipped="0">
  <testcase classname="testClassPackage.Post_tc_4" name="execute" time="1.740"/>
  <system-out/>
</testsuite> <!-- testClassPackage.Post_tc_4 -->
