<?xml version="1.0" encoding="UTF-8"?>
<!-- Generated by org.testng.reporters.JUnitReportReporter -->
<testsuite hostname="LAPTOP-LK04PM99" failures="0" tests="1" name="testClassPackage.TestClass" time="5.092" errors="0" timestamp="2023-05-28T23:40:24 IST" skipped="0">
  <testcase classname="testClassPackage.TestClass" name="execute" time="5.092"/>
  <system-out/>
</testsuite> <!-- testClassPackage.TestClass -->
